# JRE version: Java(TM) SE Runtime Environment (11.0.2+9) (build 11.0.2+9-LTS)
# Java VM: Java HotSpot(TM) 64-Bit Server VM (11.0.2+9-LTS, mixed mode, tiered, compressed oops, g1 gc, windows-amd64)
Heap:
 garbage-first heap   total 183296K, used 59030K [0x00000000c0000000, 0x0000000100000000)
  region size 1024K, 9 young (9216K), 9 survivors (9216K)
 Metaspace       used 43227K, capacity 44151K, committed 44336K, reserved 1089536K
  class space    used 4608K, capacity 4958K, committed 4992K, reserved 1048576K
GC Heap History (10 events):
Event: 18.036 GC heap after
{Heap after GC invocations=28 (full 0):
 garbage-first heap   total 114688K, used 60301K [0x00000000c0000000, 0x0000000100000000)
  region size 1024K, 1 young (1024K), 1 survivors (1024K)
 Metaspace       used 42759K, capacity 43729K, committed 43824K, reserved 1087488K
  class space    used 4593K, capacity 4951K, committed 4992K, reserved 1048576K
}
Event: 18.791 GC heap before
{Heap before GC invocations=28 (full 0):
 garbage-first heap   total 114688K, used 86925K [0x00000000c0000000, 0x0000000100000000)
  region size 1024K, 28 young (28672K), 1 survivors (1024K)
 Metaspace       used 43017K, capacity 43886K, committed 44080K, reserved 1089536K
  class space    used 4606K, capacity 4957K, committed 4992K, reserved 1048576K
}
Event: 18.807 GC heap after
{Heap after GC invocations=29 (full 0):
 garbage-first heap   total 152576K, used 62296K [0x00000000c0000000, 0x0000000100000000)
  region size 1024K, 4 young (4096K), 4 survivors (4096K)
 Metaspace       used 43017K, capacity 43886K, committed 44080K, reserved 1089536K
  class space    used 4606K, capacity 4957K, committed 4992K, reserved 1048576K
}
Event: 20.012 GC heap before
{Heap before GC invocations=30 (full 0):
 garbage-first heap   total 152576K, used 103256K [0x00000000c0000000, 0x0000000100000000)
  region size 1024K, 52 young (53248K), 4 survivors (4096K)
 Metaspace       used 43026K, capacity 43868K, committed 44080K, reserved 1089536K
  class space    used 4605K, capacity 4955K, committed 4992K, reserved 1048576K
}
Event: 20.027 GC heap after
{Heap after GC invocations=31 (full 0):
 garbage-first heap   total 152576K, used 56294K [0x00000000c0000000, 0x0000000100000000)
  region size 1024K, 5 young (5120K), 5 survivors (5120K)
 Metaspace       used 43026K, capacity 43868K, committed 44080K, reserved 1089536K
  class space    used 4605K, capacity 4955K, committed 4992K, reserved 1048576K
}
Event: 20.028 GC heap before
{Heap before GC invocations=31 (full 0):
 garbage-first heap   total 152576K, used 57318K [0x00000000c0000000, 0x0000000100000000)
  region size 1024K, 7 young (7168K), 5 survivors (5120K)
 Metaspace       used 43026K, capacity 43868K, committed 44080K, reserved 1089536K
  class space    used 4605K, capacity 4955K, committed 4992K, reserved 1048576K
}
Event: 20.044 GC heap after
{Heap after GC invocations=32 (full 0):
 garbage-first heap   total 152576K, used 44697K [0x00000000c0000000, 0x0000000100000000)
  region size 1024K, 1 young (1024K), 1 survivors (1024K)
 Metaspace       used 43026K, capacity 43868K, committed 44080K, reserved 1089536K
  class space    used 4605K, capacity 4955K, committed 4992K, reserved 1048576K
}
Event: 20.515 GC heap before
{Heap before GC invocations=32 (full 0):
 garbage-first heap   total 152576K, used 103065K [0x00000000c0000000, 0x0000000100000000)
  region size 1024K, 57 young (58368K), 1 survivors (1024K)
 Metaspace       used 43099K, capacity 43944K, committed 44080K, reserved 1089536K
  class space    used 4606K, capacity 4957K, committed 4992K, reserved 1048576K
}
Event: 20.527 GC heap after
{Heap after GC invocations=33 (full 0):
 garbage-first heap   total 152576K, used 51810K [0x00000000c0000000, 0x0000000100000000)
  region size 1024K, 6 young (6144K), 6 survivors (6144K)
 Metaspace       used 43099K, capacity 43944K, committed 44080K, reserved 1089536K
  class space    used 4606K, capacity 4957K, committed 4992K, reserved 1048576K
}
Event: 21.600 GC heap before
{Heap before GC invocations=33 (full 0):
 garbage-first heap   total 152576K, used 116322K [0x00000000c0000000, 0x0000000100000000)
  region size 1024K, 69 young (70656K), 6 survivors (6144K)
 Metaspace       used 43227K, capacity 44151K, committed 44336K, reserved 1089536K
  class space    used 4608K, capacity 4958K, committed 4992K, reserved 1048576K
}

