# JRE version: Java(TM) SE Runtime Environment (11.0.2+9) (build 11.0.2+9-LTS)
# Java VM: Java HotSpot(TM) 64-Bit Server VM (11.0.2+9-LTS, mixed mode, tiered, compressed oops, g1 gc, windows-amd64)
Heap:
 garbage-first heap   total 65536K, used 39050K [0x00000000c0000000, 0x0000000100000000)
  region size 1024K, 35 young (35840K), 5 survivors (5120K)
 Metaspace       used 28894K, capacity 29347K, committed 29488K, reserved 1075200K
  class space    used 3168K, capacity 3348K, committed 3456K, reserved 1048576K
GC Heap History (10 events):
Event: 1.676 GC heap before
{Heap before GC invocations=0 (full 0):
 garbage-first heap   total 65536K, used 7168K [0x00000000c0000000, 0x0000000100000000)
  region size 1024K, 7 young (7168K), 0 survivors (0K)
 Metaspace       used 9045K, capacity 9303K, committed 9344K, reserved 1058816K
  class space    used 817K, capacity 889K, committed 896K, reserved 1048576K
}
Event: 1.686 GC heap after
{Heap after GC invocations=1 (full 0):
 garbage-first heap   total 65536K, used 2915K [0x00000000c0000000, 0x0000000100000000)
  region size 1024K, 1 young (1024K), 1 survivors (1024K)
 Metaspace       used 9045K, capacity 9303K, committed 9344K, reserved 1058816K
  class space    used 817K, capacity 889K, committed 896K, reserved 1048576K
}
Event: 1.932 GC heap before
{Heap before GC invocations=1 (full 0):
 garbage-first heap   total 65536K, used 5987K [0x00000000c0000000, 0x0000000100000000)
  region size 1024K, 5 young (5120K), 1 survivors (1024K)
 Metaspace       used 10176K, capacity 10347K, committed 10496K, reserved 1058816K
  class space    used 953K, capacity 1024K, committed 1024K, reserved 1048576K
}
Event: 1.937 GC heap after
{Heap after GC invocations=2 (full 0):
 garbage-first heap   total 65536K, used 3176K [0x00000000c0000000, 0x0000000100000000)
  region size 1024K, 1 young (1024K), 1 survivors (1024K)
 Metaspace       used 10176K, capacity 10347K, committed 10496K, reserved 1058816K
  class space    used 953K, capacity 1024K, committed 1024K, reserved 1048576K
}
Event: 3.294 GC heap before
{Heap before GC invocations=2 (full 0):
 garbage-first heap   total 65536K, used 41064K [0x00000000c0000000, 0x0000000100000000)
  region size 1024K, 38 young (38912K), 1 survivors (1024K)
 Metaspace       used 16654K, capacity 16970K, committed 17024K, reserved 1064960K
  class space    used 1787K, capacity 1887K, committed 1920K, reserved 1048576K
}
Event: 3.309 GC heap after
{Heap after GC invocations=3 (full 0):
 garbage-first heap   total 65536K, used 4882K [0x00000000c0000000, 0x0000000100000000)
  region size 1024K, 2 young (2048K), 2 survivors (2048K)
 Metaspace       used 16654K, capacity 16970K, committed 17024K, reserved 1064960K
  class space    used 1787K, capacity 1887K, committed 1920K, reserved 1048576K
}
Event: 5.174 GC heap before
{Heap before GC invocations=3 (full 0):
 garbage-first heap   total 65536K, used 27410K [0x00000000c0000000, 0x0000000100000000)
  region size 1024K, 25 young (25600K), 2 survivors (2048K)
 Metaspace       used 20844K, capacity 21169K, committed 21296K, reserved 1069056K
  class space    used 2233K, capacity 2357K, committed 2432K, reserved 1048576K
}
Event: 5.218 GC heap after
{Heap after GC invocations=4 (full 0):
 garbage-first heap   total 65536K, used 6924K [0x00000000c0000000, 0x0000000100000000)
  region size 1024K, 4 young (4096K), 4 survivors (4096K)
 Metaspace       used 20844K, capacity 21169K, committed 21296K, reserved 1069056K
  class space    used 2233K, capacity 2357K, committed 2432K, reserved 1048576K
}
Event: 6.790 GC heap before
{Heap before GC invocations=5 (full 0):
 garbage-first heap   total 65536K, used 40716K [0x00000000c0000000, 0x0000000100000000)
  region size 1024K, 37 young (37888K), 4 survivors (4096K)
 Metaspace       used 21946K, capacity 22391K, committed 22704K, reserved 1069056K
  class space    used 2351K, capacity 2508K, committed 2560K, reserved 1048576K
}
Event: 6.829 GC heap after
{Heap after GC invocations=6 (full 0):
 garbage-first heap   total 65536K, used 9354K [0x00000000c0000000, 0x0000000100000000)
  region size 1024K, 5 young (5120K), 5 survivors (5120K)
 Metaspace       used 21946K, capacity 22391K, committed 22704K, reserved 1069056K
  class space    used 2351K, capacity 2508K, committed 2560K, reserved 1048576K
}

